<?xml version="1.0" encoding="UTF-8"?>
<testsuite name="com.mercadolibre.coupon_api.CouponApiApplicationTests" tests="1" skipped="0" failures="0" errors="0" timestamp="2025-01-04T03:23:52" hostname="192.168.1.14" time="0.482">
  <properties/>
  <testcase name="contextLoads()" classname="com.mercadolibre.coupon_api.CouponApiApplicationTests" time="0.482"/>
  <system-out><![CDATA[22:23:51.225 [Test worker] INFO org.springframework.test.context.support.AnnotationConfigContextLoaderUtils -- Could not detect default configuration classes for test class [com.mercadolibre.coupon_api.CouponApiApplicationTests]: CouponApiApplicationTests does not declare any static, non-private, non-final, nested classes annotated with @Configuration.
22:23:51.285 [Test worker] INFO org.springframework.boot.test.context.SpringBootTestContextBootstrapper -- Found @SpringBootConfiguration com.mercadolibre.coupon_api.CouponApiApplication for test class com.mercadolibre.coupon_api.CouponApiApplicationTests

  .   ____          _            __ _ _
 /\\ / ___'_ __ _ _(_)_ __  __ _ \ \ \ \
( ( )\___ | '_ | '_| | '_ \/ _` | \ \ \ \
 \\/  ___)| |_)| | | | | || (_| |  ) ) ) )
  '  |____| .__|_| |_|_| |_\__, | / / / /
 =========|_|==============|___/=/_/_/_/

 :: Spring Boot ::                (v3.4.1)

2025-01-03T22:23:51.599-05:00  INFO 22385 --- [coupon-api] [    Test worker] c.m.c.CouponApiApplicationTests          : Starting CouponApiApplicationTests using Java 23.0.1 with PID 22385 (started by davidsanchez in /Users/davidsanchez/Documents/Maestria/PruebaMeli/MeliTechTest/Nivel2/coupon-api)
2025-01-03T22:23:51.600-05:00  INFO 22385 --- [coupon-api] [    Test worker] c.m.c.CouponApiApplicationTests          : No active profile set, falling back to 1 default profile: "default"
2025-01-03T22:23:51.906-05:00  INFO 22385 --- [coupon-api] [    Test worker] .s.d.r.c.RepositoryConfigurationDelegate : Multiple Spring Data modules found, entering strict repository configuration mode
2025-01-03T22:23:51.908-05:00  INFO 22385 --- [coupon-api] [    Test worker] .s.d.r.c.RepositoryConfigurationDelegate : Bootstrapping Spring Data Redis repositories in DEFAULT mode.
2025-01-03T22:23:51.922-05:00  INFO 22385 --- [coupon-api] [    Test worker] .s.d.r.c.RepositoryConfigurationDelegate : Finished Spring Data repository scanning in 7 ms. Found 0 Redis repository interfaces.
2025-01-03T22:23:52.010-05:00  INFO 22385 --- [coupon-api] [    Test worker] o.s.cloud.context.scope.GenericScope     : BeanFactory id=5f417a2b-6d29-35a5-b518-3436ec10b7e2
2025-01-03T22:23:52.536-05:00  INFO 22385 --- [coupon-api] [    Test worker] c.m.c.CouponApiApplicationTests          : Started CouponApiApplicationTests in 1.079 seconds (process running for 1.892)
]]></system-out>
  <system-err><![CDATA[Mockito is currently self-attaching to enable the inline-mock-maker. This will no longer work in future releases of the JDK. Please add Mockito as an agent to your build what is described in Mockito's documentation: https://javadoc.io/doc/org.mockito/mockito-core/latest/org/mockito/Mockito.html#0.3
WARNING: A Java agent has been loaded dynamically (/Users/davidsanchez/.gradle/caches/modules-2/files-2.1/net.bytebuddy/byte-buddy-agent/1.15.11/a38b16385e867f59a641330f0362ebe742788ed8/byte-buddy-agent-1.15.11.jar)
WARNING: If a serviceability tool is in use, please run with -XX:+EnableDynamicAgentLoading to hide this warning
WARNING: If a serviceability tool is not in use, please run with -Djdk.instrument.traceUsage for more information
WARNING: Dynamic loading of agents will be disallowed by default in a future release
]]></system-err>
</testsuite>
